<?xml version="1.0" encoding="UTF-8"?>
<testng-results skipped="0" failed="0" ignored="0" total="1" passed="1">
  <reporter-output>
  </reporter-output>
  <suite name="MPTestNg" duration-ms="8596" started-at="2019-08-29T12:21:57Z" finished-at="2019-08-29T12:22:06Z">
    <groups>
    </groups>
    <test name="MPTestNg" duration-ms="8596" started-at="2019-08-29T12:21:57Z" finished-at="2019-08-29T12:22:06Z">
      <class name="mp.mp.PruebaTest">
        <test-method status="PASS" signature="setUp()[pri:0, instance:mp.mp.PruebaTest@68c4039c]" name="setUp" is-config="true" duration-ms="4963" started-at="2019-08-29T12:21:57Z" finished-at="2019-08-29T12:22:02Z">
          <reporter-output>
          </reporter-output>
        </test-method> <!-- setUp -->
        <test-method status="PASS" signature="setTime()[pri:0, instance:mp.mp.PruebaTest@68c4039c]" name="setTime" is-config="true" duration-ms="16" started-at="2019-08-29T12:22:02Z" finished-at="2019-08-29T12:22:02Z">
          <reporter-output>
          </reporter-output>
        </test-method> <!-- setTime -->
        <test-method status="PASS" signature="editAccount()[pri:0, instance:mp.mp.PruebaTest@68c4039c]" name="editAccount" duration-ms="2522" started-at="2019-08-29T12:22:02Z" finished-at="2019-08-29T12:22:05Z">
          <reporter-output>
          </reporter-output>
        </test-method> <!-- editAccount -->
        <test-method status="PASS" signature="cleanUp()[pri:0, instance:mp.mp.PruebaTest@68c4039c]" name="cleanUp" is-config="true" duration-ms="16" started-at="2019-08-29T12:22:05Z" finished-at="2019-08-29T12:22:05Z">
          <reporter-output>
          </reporter-output>
        </test-method> <!-- cleanUp -->
        <test-method status="PASS" signature="tearDown()[pri:0, instance:mp.mp.PruebaTest@68c4039c]" name="tearDown" is-config="true" duration-ms="1049" started-at="2019-08-29T12:22:05Z" finished-at="2019-08-29T12:22:06Z">
          <reporter-output>
          </reporter-output>
        </test-method> <!-- tearDown -->
      </class> <!-- mp.mp.PruebaTest -->
    </test> <!-- MPTestNg -->
  </suite> <!-- MPTestNg -->
</testng-results>
